c:\users\administrator\desktop\毕设\pe-tools\shell\release\vc142.pdb
c:\users\administrator\desktop\毕设\pe-tools\shell\release\shell.obj
c:\users\administrator\desktop\毕设\pe-tools\release\shell.exe
c:\users\administrator\desktop\毕设\pe-tools\release\shell.pdb
c:\users\administrator\desktop\毕设\pe-tools\release\shell.ipdb
c:\users\administrator\desktop\毕设\pe-tools\release\shell.iobj
c:\users\administrator\desktop\毕设\pe-tools\shell\release\enumprocessandmoudle.obj
c:\users\administrator\desktop\毕设\pe-tools\shell\release\petools.obj
c:\users\administrator\desktop\毕设\pe-tools\shell\release\showpe.obj
c:\users\administrator\desktop\毕设\pe-tools\shell\release\petools.ipdb
c:\users\administrator\desktop\毕设\pe-tools\shell\release\shell.ipdb
c:\users\administrator\desktop\毕设\pe-tools\shell\release\petools.iobj
c:\users\administrator\desktop\毕设\pe-tools\shell\release\shell.iobj
c:\users\administrator\desktop\毕设\pe-tools\shell\release\petools.res
c:\users\administrator\desktop\毕设\pe-tools\shell\release\petools.pdb
c:\users\administrator\desktop\毕设\pe-tools\shell\release\shell.pdb
c:\users\administrator\desktop\毕设\pe-tools\shell\release\shell.tlog\cl.command.1.tlog
c:\users\administrator\desktop\毕设\pe-tools\shell\release\shell.tlog\cl.read.1.tlog
c:\users\administrator\desktop\毕设\pe-tools\shell\release\shell.tlog\cl.write.1.tlog
c:\users\administrator\desktop\毕设\pe-tools\shell\release\shell.tlog\link.command.1.tlog
c:\users\administrator\desktop\毕设\pe-tools\shell\release\shell.tlog\link.read.1.tlog
c:\users\administrator\desktop\毕设\pe-tools\shell\release\shell.tlog\link.write.1.tlog
c:\users\administrator\desktop\毕设\pe-tools\shell\release\shell.tlog\shell.write.1u.tlog
