c:\users\administrator\desktop\毕设\petoosl\release\vc142.pdb
c:\users\administrator\desktop\毕设\petoosl\release\addshell.obj
c:\users\administrator\desktop\毕设\petoosl\release\showpe.obj
c:\users\administrator\desktop\毕设\petoosl\release\petools.obj
c:\users\administrator\desktop\毕设\petoosl\release\enumprocessandmoudle.obj
c:\users\administrator\desktop\毕设\petoosl\release\petools.exe
c:\users\administrator\desktop\毕设\petoosl\release\petools.pdb
c:\users\administrator\desktop\毕设\petoosl\release\petools.ipdb
c:\users\administrator\desktop\毕设\petoosl\release\petools.iobj
c:\users\administrator\desktop\毕设\petoosl\release\petools.res
c:\users\administrator\desktop\毕设\petoosl\release\shell.ipdb
c:\users\administrator\desktop\毕设\petoosl\release\shell.iobj
c:\users\administrator\desktop\毕设\petoosl\release\shell.pdb
c:\users\administrator\desktop\毕设\petoosl\release\petools.tlog\cl.command.1.tlog
c:\users\administrator\desktop\毕设\petoosl\release\petools.tlog\cl.read.1.tlog
c:\users\administrator\desktop\毕设\petoosl\release\petools.tlog\cl.write.1.tlog
c:\users\administrator\desktop\毕设\petoosl\release\petools.tlog\link.command.1.tlog
c:\users\administrator\desktop\毕设\petoosl\release\petools.tlog\link.read.1.tlog
c:\users\administrator\desktop\毕设\petoosl\release\petools.tlog\link.write.1.tlog
c:\users\administrator\desktop\毕设\petoosl\release\petools.tlog\petools.write.1u.tlog
c:\users\administrator\desktop\毕设\petoosl\release\petools.tlog\rc.command.1.tlog
c:\users\administrator\desktop\毕设\petoosl\release\petools.tlog\rc.read.1.tlog
c:\users\administrator\desktop\毕设\petoosl\release\petools.tlog\rc.write.1.tlog
